<?xml version="1.0" encoding="UTF-8"?>
<testsuite xmlns:xsi="http://www.w3.org/2001/XMLSchema-instance" xsi:noNamespaceSchemaLocation="https://maven.apache.org/surefire/maven-surefire-plugin/xsd/surefire-test-report.xsd" name="vttp2022.workshop1.AppTest" time="0.58" tests="1" errors="0" skipped="0" failures="0">
  <properties>
    <property name="java.specification.version" value="18"/>
    <property name="sun.jnu.encoding" value="UTF-8"/>
    <property name="java.class.path" value="/Users/cws/code/VISA-SDF/LessonCode/sdf-workshop1/target/test-classes:/Users/cws/code/VISA-SDF/LessonCode/sdf-workshop1/target/classes:/Users/cws/.m2/repository/junit/junit/4.11/junit-4.11.jar:/Users/cws/.m2/repository/org/hamcrest/hamcrest-core/1.3/hamcrest-core-1.3.jar:/Users/cws/.m2/repository/org/testng/testng/7.6.0/testng-7.6.0.jar:/Users/cws/.m2/repository/com/google/code/findbugs/jsr305/3.0.2/jsr305-3.0.2.jar:/Users/cws/.m2/repository/org/slf4j/slf4j-api/1.7.36/slf4j-api-1.7.36.jar:/Users/cws/.m2/repository/com/beust/jcommander/1.82/jcommander-1.82.jar:/Users/cws/.m2/repository/org/webjars/jquery/3.6.0/jquery-3.6.0.jar:"/>
    <property name="java.vm.vendor" value="Homebrew"/>
    <property name="sun.arch.data.model" value="64"/>
    <property name="java.vendor.url" value="https://github.com/Homebrew/homebrew-core/issues"/>
    <property name="os.name" value="Mac OS X"/>
    <property name="java.vm.specification.version" value="18"/>
    <property name="sun.java.launcher" value="SUN_STANDARD"/>
    <property name="user.country" value="SG"/>
    <property name="sun.boot.library.path" value="/usr/local/Cellar/openjdk/18.0.1/libexec/openjdk.jdk/Contents/Home/lib"/>
    <property name="sun.java.command" value="/Users/cws/code/VISA-SDF/LessonCode/sdf-workshop1/target/surefire/surefirebooter10379286797040700990.jar /Users/cws/code/VISA-SDF/LessonCode/sdf-workshop1/target/surefire 2022-06-27T23-03-11_150-jvmRun1 surefire1349190461410793906tmp surefire_010968309319046968099tmp"/>
    <property name="http.nonProxyHosts" value="192.168.0.0/16|*.192.168.0.0/16|10.0.0.0/8|*.10.0.0.0/8|172.16.0.0/12|*.172.16.0.0/12|127.0.0.1|localhost|*.localhost|local|*.local|lx.astxsvc.com|*.lx.astxsvc.com|127.0.0.1:21300|*.127.0.0.1:21300"/>
    <property name="jdk.debug" value="release"/>
    <property name="surefire.test.class.path" value="/Users/cws/code/VISA-SDF/LessonCode/sdf-workshop1/target/test-classes:/Users/cws/code/VISA-SDF/LessonCode/sdf-workshop1/target/classes:/Users/cws/.m2/repository/junit/junit/4.11/junit-4.11.jar:/Users/cws/.m2/repository/org/hamcrest/hamcrest-core/1.3/hamcrest-core-1.3.jar:/Users/cws/.m2/repository/org/testng/testng/7.6.0/testng-7.6.0.jar:/Users/cws/.m2/repository/com/google/code/findbugs/jsr305/3.0.2/jsr305-3.0.2.jar:/Users/cws/.m2/repository/org/slf4j/slf4j-api/1.7.36/slf4j-api-1.7.36.jar:/Users/cws/.m2/repository/com/beust/jcommander/1.82/jcommander-1.82.jar:/Users/cws/.m2/repository/org/webjars/jquery/3.6.0/jquery-3.6.0.jar:"/>
    <property name="sun.cpu.endian" value="little"/>
    <property name="user.home" value="/Users/cws"/>
    <property name="user.language" value="en"/>
    <property name="java.specification.vendor" value="Oracle Corporation"/>
    <property name="java.version.date" value="2022-04-19"/>
    <property name="java.home" value="/usr/local/Cellar/openjdk/18.0.1/libexec/openjdk.jdk/Contents/Home"/>
    <property name="file.separator" value="/"/>
    <property name="basedir" value="/Users/cws/code/VISA-SDF/LessonCode/sdf-workshop1"/>
    <property name="java.vm.compressedOopsMode" value="Zero based"/>
    <property name="line.separator" value="&#10;"/>
    <property name="java.vm.specification.vendor" value="Oracle Corporation"/>
    <property name="java.specification.name" value="Java Platform API Specification"/>
    <property name="apple.awt.application.name" value="ForkedBooter"/>
    <property name="surefire.real.class.path" value="/Users/cws/code/VISA-SDF/LessonCode/sdf-workshop1/target/surefire/surefirebooter10379286797040700990.jar"/>
    <property name="sun.management.compiler" value="HotSpot 64-Bit Tiered Compilers"/>
    <property name="ftp.nonProxyHosts" value="192.168.0.0/16|*.192.168.0.0/16|10.0.0.0/8|*.10.0.0.0/8|172.16.0.0/12|*.172.16.0.0/12|127.0.0.1|localhost|*.localhost|local|*.local|lx.astxsvc.com|*.lx.astxsvc.com|127.0.0.1:21300|*.127.0.0.1:21300"/>
    <property name="java.runtime.version" value="18.0.1+0"/>
    <property name="user.name" value="cws"/>
    <property name="path.separator" value=":"/>
    <property name="os.version" value="12.4"/>
    <property name="java.runtime.name" value="OpenJDK Runtime Environment"/>
    <property name="file.encoding" value="UTF-8"/>
    <property name="java.vm.name" value="OpenJDK 64-Bit Server VM"/>
    <property name="java.vendor.version" value="Homebrew"/>
    <property name="localRepository" value="/Users/cws/.m2/repository"/>
    <property name="java.vendor.url.bug" value="https://github.com/Homebrew/homebrew-core/issues"/>
    <property name="java.io.tmpdir" value="/var/folders/m5/3cpb5wqn4l7cvcqszs5mqgwm0000gn/T/"/>
    <property name="java.version" value="18.0.1"/>
    <property name="user.dir" value="/Users/cws/code/VISA-SDF/LessonCode/sdf-workshop1"/>
    <property name="os.arch" value="x86_64"/>
    <property name="java.vm.specification.name" value="Java Virtual Machine Specification"/>
    <property name="native.encoding" value="UTF-8"/>
    <property name="java.library.path" value="/Users/cws/Library/Java/Extensions:/Library/Java/Extensions:/Network/Library/Java/Extensions:/System/Library/Java/Extensions:/usr/lib/java:."/>
    <property name="java.vm.info" value="mixed mode, sharing"/>
    <property name="java.vendor" value="Homebrew"/>
    <property name="java.vm.version" value="18.0.1+0"/>
    <property name="sun.io.unicode.encoding" value="UnicodeBig"/>
    <property name="socksNonProxyHosts" value="192.168.0.0/16|*.192.168.0.0/16|10.0.0.0/8|*.10.0.0.0/8|172.16.0.0/12|*.172.16.0.0/12|127.0.0.1|localhost|*.localhost|local|*.local|lx.astxsvc.com|*.lx.astxsvc.com|127.0.0.1:21300|*.127.0.0.1:21300"/>
    <property name="java.class.version" value="62.0"/>
  </properties>
  <testcase name="shouldAnswerWithTrue on shouldAnswerWithTrue(vttp2022.workshop1.AppTest)" classname="vttp2022.workshop1.AppTest" time="0.033"/>
</testsuite>