<?xml version="1.0" encoding="UTF-8"?>
<!-- Generated by org.testng.reporters.JUnitReportReporter -->
<testsuite hostname="Lindas-MacBook-Pro.local" failures="0" tests="1" name="vttp2022.workshop1.AppTest" time="0.013" errors="0" timestamp="2022-06-27T23:03:12 SGT" skipped="0">
  <testcase classname="vttp2022.workshop1.AppTest" name="shouldAnswerWithTrue" time="0.013"/>
  <system-out/>
</testsuite> <!-- vttp2022.workshop1.AppTest -->
